\BOOKMARK [0][-]{chapter.1}{\376\377\0001\000\040\000N\000a\000m\000e\000s\000p\000a\000c\000e\000\040\000I\000n\000d\000e\000x}{}% 1
\BOOKMARK [1][-]{section.1.1}{\376\377\0001\000.\0001\000\040\000P\000a\000c\000k\000a\000g\000e\000\040\000L\000i\000s\000t}{chapter.1}% 2
\BOOKMARK [0][-]{chapter.2}{\376\377\0002\000\040\000C\000l\000a\000s\000s\000\040\000I\000n\000d\000e\000x}{}% 3
\BOOKMARK [1][-]{section.2.1}{\376\377\0002\000.\0001\000\040\000C\000l\000a\000s\000s\000\040\000L\000i\000s\000t}{chapter.2}% 4
\BOOKMARK [0][-]{chapter.3}{\376\377\0003\000\040\000F\000i\000l\000e\000\040\000I\000n\000d\000e\000x}{}% 5
\BOOKMARK [1][-]{section.3.1}{\376\377\0003\000.\0001\000\040\000F\000i\000l\000e\000\040\000L\000i\000s\000t}{chapter.3}% 6
\BOOKMARK [0][-]{chapter.4}{\376\377\0004\000\040\000N\000a\000m\000e\000s\000p\000a\000c\000e\000\040\000D\000o\000c\000u\000m\000e\000n\000t\000a\000t\000i\000o\000n}{}% 7
\BOOKMARK [1][-]{section.4.1}{\376\377\0004\000.\0001\000\040\000H\000e\000a\000l\000t\000h\000C\000l\000i\000n\000i\000c\000\040\000N\000a\000m\000e\000s\000p\000a\000c\000e\000\040\000R\000e\000f\000e\000r\000e\000n\000c\000e}{chapter.4}% 8
\BOOKMARK [1][-]{section.4.2}{\376\377\0004\000.\0002\000\040\000H\000e\000a\000l\000t\000h\000C\000l\000i\000n\000i\000c\000.\000T\000e\000s\000t\000s\000\040\000N\000a\000m\000e\000s\000p\000a\000c\000e\000\040\000R\000e\000f\000e\000r\000e\000n\000c\000e}{chapter.4}% 9
\BOOKMARK [0][-]{chapter.5}{\376\377\0005\000\040\000C\000l\000a\000s\000s\000\040\000D\000o\000c\000u\000m\000e\000n\000t\000a\000t\000i\000o\000n}{}% 10
\BOOKMARK [1][-]{section.5.1}{\376\377\0005\000.\0001\000\040\000H\000e\000a\000l\000t\000h\000C\000l\000i\000n\000i\000c\000.\000T\000e\000s\000t\000s\000.\000A\000p\000p\000o\000i\000n\000t\000m\000e\000n\000t\000N\000u\000m\000b\000e\000r\000E\000x\000a\000m\000s\000A\000n\000d\000M\000e\000d\000s\000\040\000C\000l\000a\000s\000s\000\040\000R\000e\000f\000e\000r\000e\000n\000c\000e}{chapter.5}% 11
\BOOKMARK [2][-]{subsection.5.1.1}{\376\377\0005\000.\0001\000.\0001\000\040\000M\000e\000m\000b\000e\000r\000\040\000F\000u\000n\000c\000t\000i\000o\000n\000\040\000D\000o\000c\000u\000m\000e\000n\000t\000a\000t\000i\000o\000n}{section.5.1}% 12
\BOOKMARK [3][-]{subsubsection.5.1.1.1}{\376\377\0005\000.\0001\000.\0001\000.\0001\000\040\000A\000d\000d\000i\000n\000g\000E\000x\000a\000m\000s\000A\000n\000d\000M\000e\000d\000i\000c\000a\000t\000i\000o\000n\000s\000\137\000S\000h\000o\000u\000l\000d\000W\000o\000r\000k\000C\000o\000r\000r\000e\000c\000t\000l\000y\000\050\000\051}{subsection.5.1.1}% 13
\BOOKMARK [2][-]{subsection.5.1.2}{\376\377\0005\000.\0001\000.\0002\000\040\000P\000r\000o\000p\000e\000r\000t\000y\000\040\000D\000o\000c\000u\000m\000e\000n\000t\000a\000t\000i\000o\000n}{section.5.1}% 14
\BOOKMARK [3][-]{subsubsection.5.1.2.1}{\376\377\0005\000.\0001\000.\0002\000.\0001\000\040\000T\000e\000s\000t\000C\000o\000n\000t\000e\000x\000t}{subsection.5.1.2}% 15
\BOOKMARK [1][-]{section.5.2}{\376\377\0005\000.\0002\000\040\000H\000e\000a\000l\000t\000h\000C\000l\000i\000n\000i\000c\000.\000T\000e\000s\000t\000s\000.\000A\000p\000p\000o\000i\000n\000t\000m\000e\000n\000t\000T\000o\000t\000a\000l\000C\000o\000s\000t\000\040\000C\000l\000a\000s\000s\000\040\000R\000e\000f\000e\000r\000e\000n\000c\000e}{chapter.5}% 16
\BOOKMARK [2][-]{subsection.5.2.1}{\376\377\0005\000.\0002\000.\0001\000\040\000M\000e\000m\000b\000e\000r\000\040\000F\000u\000n\000c\000t\000i\000o\000n\000\040\000D\000o\000c\000u\000m\000e\000n\000t\000a\000t\000i\000o\000n}{section.5.2}% 17
\BOOKMARK [3][-]{subsubsection.5.2.1.1}{\376\377\0005\000.\0002\000.\0001\000.\0001\000\040\000T\000o\000t\000a\000l\000C\000o\000s\000t\000\137\000S\000h\000o\000u\000l\000d\000B\000e\000C\000a\000l\000c\000u\000l\000a\000t\000e\000d\000C\000o\000r\000r\000e\000c\000t\000l\000y\000\050\000\051}{subsection.5.2.1}% 18
\BOOKMARK [2][-]{subsection.5.2.2}{\376\377\0005\000.\0002\000.\0002\000\040\000P\000r\000o\000p\000e\000r\000t\000y\000\040\000D\000o\000c\000u\000m\000e\000n\000t\000a\000t\000i\000o\000n}{section.5.2}% 19
\BOOKMARK [3][-]{subsubsection.5.2.2.1}{\376\377\0005\000.\0002\000.\0002\000.\0001\000\040\000T\000e\000s\000t\000C\000o\000n\000t\000e\000x\000t}{subsection.5.2.2}% 20
\BOOKMARK [1][-]{section.5.3}{\376\377\0005\000.\0003\000\040\000H\000e\000a\000l\000t\000h\000C\000l\000i\000n\000i\000c\000.\000T\000e\000s\000t\000s\000.\000P\000a\000t\000i\000e\000n\000t\000N\000i\000f\000A\000n\000d\000A\000d\000r\000e\000s\000s\000\040\000C\000l\000a\000s\000s\000\040\000R\000e\000f\000e\000r\000e\000n\000c\000e}{chapter.5}% 21
\BOOKMARK [2][-]{subsection.5.3.1}{\376\377\0005\000.\0003\000.\0001\000\040\000M\000e\000m\000b\000e\000r\000\040\000F\000u\000n\000c\000t\000i\000o\000n\000\040\000D\000o\000c\000u\000m\000e\000n\000t\000a\000t\000i\000o\000n}{section.5.3}% 22
\BOOKMARK [3][-]{subsubsection.5.3.1.1}{\376\377\0005\000.\0003\000.\0001\000.\0001\000\040\000P\000a\000t\000i\000e\000n\000t\000\137\000S\000h\000o\000u\000l\000d\000H\000a\000v\000e\000C\000o\000r\000r\000e\000c\000t\000N\000i\000f\000A\000n\000d\000A\000d\000d\000r\000e\000s\000s\000\050\000\051}{subsection.5.3.1}% 23
\BOOKMARK [2][-]{subsection.5.3.2}{\376\377\0005\000.\0003\000.\0002\000\040\000P\000r\000o\000p\000e\000r\000t\000y\000\040\000D\000o\000c\000u\000m\000e\000n\000t\000a\000t\000i\000o\000n}{section.5.3}% 24
\BOOKMARK [3][-]{subsubsection.5.3.2.1}{\376\377\0005\000.\0003\000.\0002\000.\0001\000\040\000T\000e\000s\000t\000C\000o\000n\000t\000e\000x\000t}{subsection.5.3.2}% 25
\BOOKMARK [1][-]{section.5.4}{\376\377\0005\000.\0004\000\040\000H\000e\000a\000l\000t\000h\000C\000l\000i\000n\000i\000c\000.\000T\000e\000s\000t\000s\000.\000P\000e\000r\000s\000o\000n\000A\000g\000e\000\040\000C\000l\000a\000s\000s\000\040\000R\000e\000f\000e\000r\000e\000n\000c\000e}{chapter.5}% 26
\BOOKMARK [2][-]{subsection.5.4.1}{\376\377\0005\000.\0004\000.\0001\000\040\000M\000e\000m\000b\000e\000r\000\040\000F\000u\000n\000c\000t\000i\000o\000n\000\040\000D\000o\000c\000u\000m\000e\000n\000t\000a\000t\000i\000o\000n}{section.5.4}% 27
\BOOKMARK [3][-]{subsubsection.5.4.1.1}{\376\377\0005\000.\0004\000.\0001\000.\0001\000\040\000A\000g\000e\000\137\000S\000h\000o\000u\000l\000d\000R\000e\000t\000u\000r\000n\000C\000o\000r\000r\000e\000c\000t\000A\000g\000e\000\050\000\051}{subsection.5.4.1}% 28
\BOOKMARK [2][-]{subsection.5.4.2}{\376\377\0005\000.\0004\000.\0002\000\040\000P\000r\000o\000p\000e\000r\000t\000y\000\040\000D\000o\000c\000u\000m\000e\000n\000t\000a\000t\000i\000o\000n}{section.5.4}% 29
\BOOKMARK [3][-]{subsubsection.5.4.2.1}{\376\377\0005\000.\0004\000.\0002\000.\0001\000\040\000T\000e\000s\000t\000C\000o\000n\000t\000e\000x\000t}{subsection.5.4.2}% 30
\BOOKMARK [1][-]{section.5.5}{\376\377\0005\000.\0005\000\040\000H\000e\000a\000l\000t\000h\000C\000l\000i\000n\000i\000c\000.\000T\000e\000s\000t\000s\000.\000P\000e\000r\000s\000o\000n\000N\000a\000m\000e\000\040\000C\000l\000a\000s\000s\000\040\000R\000e\000f\000e\000r\000e\000n\000c\000e}{chapter.5}% 31
\BOOKMARK [2][-]{subsection.5.5.1}{\376\377\0005\000.\0005\000.\0001\000\040\000M\000e\000m\000b\000e\000r\000\040\000F\000u\000n\000c\000t\000i\000o\000n\000\040\000D\000o\000c\000u\000m\000e\000n\000t\000a\000t\000i\000o\000n}{section.5.5}% 32
\BOOKMARK [3][-]{subsubsection.5.5.1.1}{\376\377\0005\000.\0005\000.\0001\000.\0001\000\040\000N\000a\000m\000e\000\137\000S\000h\000o\000u\000l\000d\000B\000e\000A\000s\000s\000i\000g\000n\000e\000d\000C\000o\000r\000r\000e\000c\000t\000l\000y\000\050\000\051}{subsection.5.5.1}% 33
\BOOKMARK [2][-]{subsection.5.5.2}{\376\377\0005\000.\0005\000.\0002\000\040\000P\000r\000o\000p\000e\000r\000t\000y\000\040\000D\000o\000c\000u\000m\000e\000n\000t\000a\000t\000i\000o\000n}{section.5.5}% 34
\BOOKMARK [3][-]{subsubsection.5.5.2.1}{\376\377\0005\000.\0005\000.\0002\000.\0001\000\040\000T\000e\000s\000t\000C\000o\000n\000t\000e\000x\000t}{subsection.5.5.2}% 35
\BOOKMARK [0][-]{chapter.6}{\376\377\0006\000\040\000F\000i\000l\000e\000\040\000D\000o\000c\000u\000m\000e\000n\000t\000a\000t\000i\000o\000n}{}% 36
\BOOKMARK [1][-]{section.6.1}{\376\377\0006\000.\0001\000\040\000A\000p\000p\000o\000i\000n\000t\000m\000e\000n\000t\000N\000u\000m\000b\000e\000r\000E\000x\000a\000m\000s\000A\000n\000d\000M\000e\000d\000s\000.\000c\000s\000\040\000F\000i\000l\000e\000\040\000R\000e\000f\000e\000r\000e\000n\000c\000e}{chapter.6}% 37
\BOOKMARK [2][-]{subsection.6.1.1}{\376\377\0006\000.\0001\000.\0001\000\040\000D\000e\000t\000a\000i\000l\000e\000d\000\040\000D\000e\000s\000c\000r\000i\000p\000t\000i\000o\000n}{section.6.1}% 38
\BOOKMARK [1][-]{section.6.2}{\376\377\0006\000.\0002\000\040\000A\000p\000p\000o\000i\000n\000t\000m\000e\000n\000t\000T\000o\000t\000a\000l\000C\000o\000s\000t\000.\000c\000s\000\040\000F\000i\000l\000e\000\040\000R\000e\000f\000e\000r\000e\000n\000c\000e}{chapter.6}% 39
\BOOKMARK [2][-]{subsection.6.2.1}{\376\377\0006\000.\0002\000.\0001\000\040\000D\000e\000t\000a\000i\000l\000e\000d\000\040\000D\000e\000s\000c\000r\000i\000p\000t\000i\000o\000n}{section.6.2}% 40
\BOOKMARK [1][-]{section.6.3}{\376\377\0006\000.\0003\000\040\000M\000S\000T\000e\000s\000t\000S\000e\000t\000t\000i\000n\000g\000s\000.\000c\000s\000\040\000F\000i\000l\000e\000\040\000R\000e\000f\000e\000r\000e\000n\000c\000e}{chapter.6}% 41
\BOOKMARK [1][-]{section.6.4}{\376\377\0006\000.\0004\000\040\000P\000a\000t\000i\000e\000n\000t\000N\000i\000f\000A\000n\000d\000A\000d\000r\000e\000s\000s\000.\000c\000s\000\040\000F\000i\000l\000e\000\040\000R\000e\000f\000e\000r\000e\000n\000c\000e}{chapter.6}% 42
\BOOKMARK [1][-]{section.6.5}{\376\377\0006\000.\0005\000\040\000P\000e\000r\000s\000o\000n\000A\000g\000e\000.\000c\000s\000\040\000F\000i\000l\000e\000\040\000R\000e\000f\000e\000r\000e\000n\000c\000e}{chapter.6}% 43
\BOOKMARK [1][-]{section.6.6}{\376\377\0006\000.\0006\000\040\000P\000e\000r\000s\000o\000n\000N\000a\000m\000e\000.\000c\000s\000\040\000F\000i\000l\000e\000\040\000R\000e\000f\000e\000r\000e\000n\000c\000e}{chapter.6}% 44
